<?xml version="1.0" encoding="UTF-8"?>
<!-- Generated by org.testng.reporters.JUnitXMLReporter -->
<testsuite hostname="Viktoriyas-MacBook-Pro-2.local" ignored="0" name="Command line test" tests="8" failures="0" timestamp="2023-01-24T14:21:45 CST" time="110.633" errors="0">
  <testcase name="validateLoginFormCard" time="0.41" classname="scripts.LoginFormTest"/>
  <testcase name="validateLoginFormCardValidLogin" time="2.227" classname="scripts.LoginFormTest"/>
  <testcase name="validateLoginFormCardValidLoginAnaLogout" time="2.475" classname="scripts.LoginFormTest"/>
  <testcase name="validateForgotPasswordLink" time="0.294" classname="scripts.LoginFormTest"/>
  <testcase name="validateResetLinkIsDisplayed" time="0.842" classname="scripts.LoginFormTest"/>
  <testcase name="validateLoginFormWithWrongUsername" time="1.854" classname="scripts.LoginFormTest"/>
  <testcase name="validateLoginFormWithWrongPassword" time="1.985" classname="scripts.LoginFormTest"/>
  <testcase name="validateLoginFormWithWrongUsernameAndPassword" time="1.743" classname="scripts.LoginFormTest"/>
</testsuite> <!-- Command line test -->
